app/build/outputs/logs/manifest-merger-debug-report.txt
-- Merging decision tree log ---
manifest
ADDED from src\main\AndroidManifest.xml:1:1-136:12
	package
		ADDED from src\main\AndroidManifest.xml:2:5-59
		INJECTED from src\main\AndroidManifest.xml
		INJECTED from src\main\AndroidManifest.xml
	android:versionName
		ADDED from src\main\AndroidManifest.xml:4:5-30
		INJECTED from src\main\AndroidManifest.xml
		INJECTED from src\main\AndroidManifest.xml
	android:versionCode
		ADDED from src\main\AndroidManifest.xml:3:5-28
		INJECTED from src\main\AndroidManifest.xml
		INJECTED from src\main\AndroidManifest.xml
	xmlns:android
		ADDED from src\main\AndroidManifest.xml:1:11-69
uses-sdk
ADDED from src\main\AndroidManifest.xml:13:5-74
	android:targetSdkVersion
		ADDED from src\main\AndroidManifest.xml:13:42-71
		INJECTED from src\main\AndroidManifest.xml
		INJECTED from src\main\AndroidManifest.xml
	android:minSdkVersion
		ADDED from src\main\AndroidManifest.xml:13:15-41
		INJECTED from src\main\AndroidManifest.xml
		INJECTED from src\main\AndroidManifest.xml
uses-feature#0x00020000
ADDED from src\main\AndroidManifest.xml:15:5-54
	android:glEsVersion
		ADDED from src\main\AndroidManifest.xml:15:19-51
uses-permission#android.permission.WRITE_EXTERNAL_STORAGE
ADDED from src\main\AndroidManifest.xml:21:5-80
	android:name
		ADDED from src\main\AndroidManifest.xml:21:22-78
uses-permission#android.permission.READ_EXTERNAL_STORAGE
ADDED from src\main\AndroidManifest.xml:22:5-79
	android:name
		ADDED from src\main\AndroidManifest.xml:22:22-77
uses-feature#android.hardware.camera
ADDED from src\main\AndroidManifest.xml:38:5-60
	android:name
		ADDED from src\main\AndroidManifest.xml:38:19-57
uses-permission#android.permission.CAMERA
ADDED from src\main\AndroidManifest.xml:43:5-65
	android:name
		ADDED from src\main\AndroidManifest.xml:43:22-62
uses-permission#android.permission.INTERNET
ADDED from src\main\AndroidManifest.xml:48:5-66
	android:name
		ADDED from src\main\AndroidManifest.xml:48:22-64
uses-permission#android.permission.ACCESS_NETWORK_STATE
ADDED from src\main\AndroidManifest.xml:54:5-79
	android:name
		ADDED from src\main\AndroidManifest.xml:54:22-76
uses-permission#android.permission.ACCESS_WIFI_STATE
ADDED from src\main\AndroidManifest.xml:59:5-76
	android:name
		ADDED from src\main\AndroidManifest.xml:59:22-73
uses-permission#android.permission.READ_PHONE_STATE
ADDED from src\main\AndroidManifest.xml:64:5-74
	android:name
		ADDED from src\main\AndroidManifest.xml:64:22-72
application
ADDED from src\main\AndroidManifest.xml:76:5-134:19
	android:label
		ADDED from src\main\AndroidManifest.xml:78:9-41
	android:launchMode
		ADDED from src\main\AndroidManifest.xml:80:9-40
	android:allowBackup
		ADDED from src\main\AndroidManifest.xml:81:9-35
	android:icon
		ADDED from src\main\AndroidManifest.xml:77:9-38
	android:description
		ADDED from src\main\AndroidManifest.xml:79:9-54
	android:theme
		ADDED from src\main\AndroidManifest.xml:82:9-47
activity#com.qualcomm.vuforia.samples.StereoRendering.ui.ActivityList.ActivitySplashScreen
ADDED from src\main\AndroidManifest.xml:101:10-111:21
	android:screenOrientation
		ADDED from src\main\AndroidManifest.xml:104:13-50
	android:noHistory
		ADDED from src\main\AndroidManifest.xml:105:13-37
	android:configChanges
		ADDED from src\main\AndroidManifest.xml:103:13-93
	android:name
		ADDED from src\main\AndroidManifest.xml:102:13-65
intent-filter#android.intent.action.MAIN+android.intent.category.LAUNCHER
ADDED from src\main\AndroidManifest.xml:107:13-110:29
action#android.intent.action.MAIN
ADDED from src\main\AndroidManifest.xml:108:17-69
	android:name
		ADDED from src\main\AndroidManifest.xml:108:25-66
category#android.intent.category.LAUNCHER
ADDED from src\main\AndroidManifest.xml:109:17-77
	android:name
		ADDED from src\main\AndroidManifest.xml:109:27-74
activity#com.qualcomm.vuforia.samples.StereoRendering.app.StereoRendering.StereoRendering
ADDED from src\main\AndroidManifest.xml:113:9-120:20
	android:screenOrientation
		ADDED from src\main\AndroidManifest.xml:117:13-50
	android:launchMode
		ADDED from src\main\AndroidManifest.xml:118:11-42
	android:configChanges
		ADDED from src\main\AndroidManifest.xml:115:13-93
	android:theme
		ADDED from src\main\AndroidManifest.xml:116:10-52
	android:name
		ADDED from src\main\AndroidManifest.xml:114:13-64
uses-library#com.ti.s3d
ADDED from src\main\AndroidManifest.xml:127:9-76
	android:required
		ADDED from src\main\AndroidManifest.xml:127:49-73
	android:name
		ADDED from src\main\AndroidManifest.xml:127:23-48
uses-library#com.osterhoutgroup.api.ext
ADDED from src\main\AndroidManifest.xml:132:9-92
	android:required
		ADDED from src\main\AndroidManifest.xml:132:65-89
	android:name
		ADDED from src\main\AndroidManifest.xml:132:23-64